@harkhymadhe ➜ sparse-bregman git(main) python3 src/main.py 
Number of parameters: 3,759,692
Number of trainable parameters: 3,759,692


W0306 06:49:23.412000 35553 site-packages/torch/_dynamo/variables/tensor.py:1079] [7/0] Graph break from `Tensor.item()`, consider setting:759 [00:00<?, ?it/s]
W0306 06:49:23.412000 35553 site-packages/torch/_dynamo/variables/tensor.py:1079] [7/0]     torch._dynamo.config.capture_scalar_outputs = True
W0306 06:49:23.412000 35553 site-packages/torch/_dynamo/variables/tensor.py:1079] [7/0] or:
W0306 06:49:23.412000 35553 site-packages/torch/_dynamo/variables/tensor.py:1079] [7/0]     env TORCHDYNAMO_CAPTURE_SCALAR_OUTPUTS=1
W0306 06:49:23.412000 35553 site-packages/torch/_dynamo/variables/tensor.py:1079] [7/0] to include these operations in the captured graph.
W0306 06:49:23.412000 35553 site-packages/torch/_dynamo/variables/tensor.py:1079] [7/0]
W0306 06:49:23.412000 35553 site-packages/torch/_dynamo/variables/tensor.py:1079] [7/0] Graph break: from user code at:
W0306 06:49:23.412000 35553 site-packages/torch/_dynamo/variables/tensor.py:1079] [7/0]   File "/home/harkhymadhe/miniforge3/envs/bregman/lib/python3.13/site-packages/torch_geometric/data/collate.py", line 170, in _collate
W0306 06:49:23.412000 35553 site-packages/torch/_dynamo/variables/tensor.py:1079] [7/0]     if incs.dim() > 1 or int(incs[-1]) != 0:
W0306 06:49:23.412000 35553 site-packages/torch/_dynamo/variables/tensor.py:1079] [7/0]
W0306 06:49:23.412000 35553 site-packages/torch/_dynamo/variables/tensor.py:1079] [7/0]
/home/harkhymadhe/miniforge3/envs/bregman/lib/python3.13/site-packages/torch/_dynamo/guards.py:1148: RuntimeWarning: Guards may run slower on Python 3.13.0. Consider upgrading to Python 3.13.1+.
warnings.warn(
/home/harkhymadhe/miniforge3/envs/bregman/lib/python3.13/site-packages/torch/_dynamo/guards.py:1148: RuntimeWarning: Guards may run slower on Python 3.13.0. Consider upgrading to Python 3.13.1+.
warnings.warn(
/home/harkhymadhe/miniforge3/envs/bregman/lib/python3.13/site-packages/torch/_dynamo/guards.py:1148: RuntimeWarning: Guards may run slower on Python 3.13.0. Consider upgrading to Python 3.13.1+.
warnings.warn(
W0306 06:49:29.590000 35553 site-packages/torch/_inductor/utils.py:1679] [27/0] Not enough SMs to use max_autotune_gemm mode
/home/harkhymadhe/miniforge3/envs/bregman/lib/python3.13/site-packages/torch/_dynamo/guards.py:1148: RuntimeWarning: Guards may run slower on Python 3.13.0. Consider upgrading to Python 3.13.1+.
warnings.warn(
/home/harkhymadhe/miniforge3/envs/bregman/lib/python3.13/site-packages/torch/_dynamo/guards.py:1148: RuntimeWarning: Guards may run slower on Python 3.13.0. Consider upgrading to Python 3.13.1+.
warnings.warn(
/home/harkhymadhe/miniforge3/envs/bregman/lib/python3.13/site-packages/torch/_dynamo/guards.py:1148: RuntimeWarning: Guards may run slower on Python 3.13.0. Consider upgrading to Python 3.13.1+.
warnings.warn(
/home/harkhymadhe/miniforge3/envs/bregman/lib/python3.13/site-packages/torch/_dynamo/guards.py:1148: RuntimeWarning: Guards may run slower on Python 3.13.0. Consider upgrading to Python 3.13.1+.
warnings.warn(
/home/harkhymadhe/miniforge3/envs/bregman/lib/python3.13/site-packages/torch/_dynamo/guards.py:1148: RuntimeWarning: Guards may run slower on Python 3.13.0. Consider upgrading to Python 3.13.1+.
warnings.warn(
/home/harkhymadhe/miniforge3/envs/bregman/lib/python3.13/site-packages/torch/_dynamo/guards.py:1148: RuntimeWarning: Guards may run slower on Python 3.13.0. Consider upgrading to Python 3.13.1+.
warnings.warn(
/home/harkhymadhe/miniforge3/envs/bregman/lib/python3.13/site-packages/torch/_dynamo/guards.py:1148: RuntimeWarning: Guards may run slower on Python 3.13.0. Consider upgrading to Python 3.13.1+.
warnings.warn(
/home/harkhymadhe/miniforge3/envs/bregman/lib/python3.13/site-packages/torch/_dynamo/guards.py:1148: RuntimeWarning: Guards may run slower on Python 3.13.0. Consider upgrading to Python 3.13.1+.
warnings.warn(
/home/harkhymadhe/miniforge3/envs/bregman/lib/python3.13/site-packages/torch/_dynamo/guards.py:1148: RuntimeWarning: Guards may run slower on Python 3.13.0. Consider upgrading to Python 3.13.1+.
warnings.warn(
W0306 06:52:09.866000 35553 site-packages/torch/_dynamo/convert_frame.py:1676] [7/8] torch._dynamo hit config.recompile_limit (8)
W0306 06:52:09.866000 35553 site-packages/torch/_dynamo/convert_frame.py:1676] [7/8]    function: '_collate' (/home/harkhymadhe/miniforge3/envs/bregman/lib/python3.13/site-packages/torch_geometric/data/collate.py:149)
W0306 06:52:09.866000 35553 site-packages/torch/_dynamo/convert_frame.py:1676] [7/8]    last reason: 7/7: key == 'edge_index'                                 
# key = str(key)  # torch_geometric/data/collate.py:162 in _collate
W0306 06:52:09.866000 35553 site-packages/torch/_dynamo/convert_frame.py:1676] [7/8] To log all recompilation reasons, use TORCH_LOGS="recompiles".
W0306 06:52:09.866000 35553 site-packages/torch/_dynamo/convert_frame.py:1676] [7/8] To diagnose recompilation issues, see https://pytorch.org/docs/main/compile/programming_model.recompilation.html
/home/harkhymadhe/miniforge3/envs/bregman/lib/python3.13/site-packages/torch/_dynamo/guards.py:1148: RuntimeWarning: Guards may run slower on Python 3.13.0. Consider upgrading to Python 3.13.1+.
warnings.warn(
Epoch 1 | Train loss: 1.1542 | Test loss: 0.4271
Epoch 2 | Train loss: 0.3593 | Test loss: 0.3198
Epoch 3 | Train loss: 0.2724 | Test loss: 0.2575
Epoch 4 | Train loss: 0.2152 | Test loss: 0.2023
Epoch 5 | Train loss: 0.1629 | Test loss: 0.1472
Epoch 6 | Train loss: 0.1299 | Test loss: 0.1219
Epoch 7 | Train loss: 0.1134 | Test loss: 0.1096
Epoch 8 | Train loss: 0.1037 | Test loss: 0.1008
Epoch 9 | Train loss: 0.0965 | Test loss: 0.0925
Epoch 10 | Train loss: 0.0905 | Test loss: 0.0900
Epoch 11 | Train loss: 0.0862 | Test loss: 0.0834
Epoch 12 | Train loss: 0.0822 | Test loss: 0.0816
Epoch 13 | Train loss: 0.0784 | Test loss: 0.0795
Epoch 14 | Train loss: 0.0747 | Test loss: 0.0755
Epoch 15 | Train loss: 0.0716 | Test loss: 0.0723
Epoch 16 | Train loss: 0.0691 | Test loss: 0.0704
Epoch 17 | Train loss: 0.0669 | Test loss: 0.0667
Epoch 18 | Train loss: 0.0650 | Test loss: 0.0662
Epoch 19 | Train loss: 0.0629 | Test loss: 0.0647
Epoch 20 | Train loss: 0.0617 | Test loss: 0.0630
Epoch 21 | Train loss: 0.0604 | Test loss: 0.0638
Epoch 22 | Train loss: 0.0587 | Test loss: 0.0640
Epoch 23 | Train loss: 0.0577 | Test loss: 0.0636
Epoch 24 | Train loss: 0.0571 | Test loss: 0.0627
Epoch 25 | Train loss: 0.0561 | Test loss: 0.0632
Epoch 26 | Train loss: 0.0555 | Test loss: 0.0611
Epoch 27 | Train loss: 0.0550 | Test loss: 0.0606
Epoch 28 | Train loss: 0.0536 | Test loss: 0.0584
Epoch 29 | Train loss: 0.0525 | Test loss: 0.0588
Epoch 30 | Train loss: 0.0519 | Test loss: 0.0564
Epoch 31 | Train loss: 0.0513 | Test loss: 0.0594
Epoch 32 | Train loss: 0.0511 | Test loss: 0.0582
Epoch 33 | Train loss: 0.0512 | Test loss: 0.0562
Epoch 34 | Train loss: 0.0493 | Test loss: 0.0571
Epoch 35 | Train loss: 0.0511 | Test loss: 0.0568
Epoch 36 | Train loss: 0.0495 | Test loss: 0.0553
Epoch 37 | Train loss: 0.0486 | Test loss: 0.0549
Epoch 38 | Train loss: 0.0475 | Test loss: 0.0645
Epoch 39 | Train loss: 0.0486 | Test loss: 0.0546
Epoch 40 | Train loss: 0.0472 | Test loss: 0.0532
Epoch 41 | Train loss: 0.0462 | Test loss: 0.0543
Epoch 42 | Train loss: 0.0456 | Test loss: 0.0549
Epoch 43 | Train loss: 0.0459 | Test loss: 0.0518
Epoch 44 | Train loss: 0.0447 | Test loss: 0.0526
Epoch 45 | Train loss: 0.0445 | Test loss: 0.0523
Epoch 46 | Train loss: 0.0435 | Test loss: 0.0532
Epoch 47 | Train loss: 0.0438 | Test loss: 0.0512
Epoch 48 | Train loss: 0.0436 | Test loss: 0.0512
Epoch 49 | Train loss: 0.0433 | Test loss: 0.0514
Epoch 50 | Train loss: 0.0426 | Test loss: 0.0503
Epoch 51 | Train loss: 0.0424 | Test loss: 0.0485
Epoch 52 | Train loss: 0.0413 | Test loss: 0.0488
Epoch 53 | Train loss: 0.0409 | Test loss: 0.0493
Epoch 54 | Train loss: 0.0409 | Test loss: 0.0491
Epoch 55 | Train loss: 0.0470 | Test loss: 0.0490
Epoch 56 | Train loss: 0.0408 | Test loss: 0.0476
Epoch 57 | Train loss: 0.0395 | Test loss: 0.0468
Epoch 58 | Train loss: 0.0391 | Test loss: 0.0473
Epoch 59 | Train loss: 0.0386 | Test loss: 0.0464
Epoch 60 | Train loss: 0.0387 | Test loss: 0.0459
Epoch 61 | Train loss: 0.0381 | Test loss: 0.0458
Epoch 62 | Train loss: 0.0381 | Test loss: 0.0479
Epoch 63 | Train loss: 0.0375 | Test loss: 0.0462
Epoch 64 | Train loss: 0.0379 | Test loss: 0.0462
Epoch 65 | Train loss: 0.0369 | Test loss: 0.0442
Epoch 66 | Train loss: 0.0367 | Test loss: 0.0449
Epoch 67 | Train loss: 0.0368 | Test loss: 0.0435
Epoch 68 | Train loss: 0.0358 | Test loss: 0.0457
Epoch 69 | Train loss: 0.0363 | Test loss: 0.0464
Epoch 70 | Train loss: 0.0355 | Test loss: 0.0440
Epoch 71 | Train loss: 0.0351 | Test loss: 0.0444
Epoch 72 | Train loss: 0.0348 | Test loss: 0.0458
Epoch 73 | Train loss: 0.0350 | Test loss: 0.0433
Epoch 74 | Train loss: 0.0345 | Test loss: 0.0430
Epoch 75 | Train loss: 0.0333 | Test loss: 0.0442
Epoch 76 | Train loss: 0.0342 | Test loss: 0.0456
Epoch 77 | Train loss: 0.0335 | Test loss: 0.0428
Epoch 78 | Train loss: 0.0333 | Test loss: 0.0408
Epoch 79 | Train loss: 0.0331 | Test loss: 0.0434
Epoch 80 | Train loss: 0.0332 | Test loss: 0.0422
Epoch 81 | Train loss: 0.0328 | Test loss: 0.0417
Epoch 82 | Train loss: 0.0325 | Test loss: 0.0421
Epoch 83 | Train loss: 0.0329 | Test loss: 0.0426
Epoch 84 | Train loss: 0.0331 | Test loss: 0.0415
Epoch 85 | Train loss: 0.0321 | Test loss: 0.0417
Epoch 86 | Train loss: 0.0316 | Test loss: 0.0409
Epoch 87 | Train loss: 0.0316 | Test loss: 0.0412
Epoch 88 | Train loss: 0.0313 | Test loss: 0.0413
Epoch 89 | Train loss: 0.0317 | Test loss: 0.0431                                                                                                              
Epoch 90 | Train loss: 0.0308 | Test loss: 0.0410
Epoch 91 | Train loss: 0.0315 | Test loss: 0.0406
Epoch 92 | Train loss: 0.0310 | Test loss: 0.0404
Epoch 93 | Train loss: 0.0306 | Test loss: 0.0414
Epoch 94 | Train loss: 0.0304 | Test loss: 0.0398
Epoch 95 | Train loss: 0.0305 | Test loss: 0.0398
Epoch 96 | Train loss: 0.0316 | Test loss: 0.0389
Epoch 97 | Train loss: 0.0307 | Test loss: 0.0395
Epoch 98 | Train loss: 0.0297 | Test loss: 0.0395
Epoch 99 | Train loss: 0.0295 | Test loss: 0.0398
Epoch 100 | Train loss: 0.0293 | Test loss: 0.0401
Epoch 101 | Train loss: 0.0291 | Test loss: 0.0382
Epoch 102 | Train loss: 0.0289 | Test loss: 0.0394
Epoch 103 | Train loss: 0.0288 | Test loss: 0.0395
Epoch 104 | Train loss: 0.0287 | Test loss: 0.0374
Epoch 105 | Train loss: 0.0283 | Test loss: 0.0389
Epoch 106 | Train loss: 0.0284 | Test loss: 0.0380
Epoch 107 | Train loss: 0.0288 | Test loss: 0.0380
Epoch 108 | Train loss: 0.0280 | Test loss: 0.0375
Epoch 109 | Train loss: 0.0280 | Test loss: 0.0379
Epoch 110 | Train loss: 0.0283 | Test loss: 0.0372
Epoch 111 | Train loss: 0.0277 | Test loss: 0.0374
Epoch 112 | Train loss: 0.0278 | Test loss: 0.0383
Epoch 113 | Train loss: 0.0278 | Test loss: 0.0370
Epoch 114 | Train loss: 0.0274 | Test loss: 0.0377
Epoch 115 | Train loss: 0.0277 | Test loss: 0.0366
Epoch 116 | Train loss: 0.0272 | Test loss: 0.0373
Epoch 117 | Train loss: 0.0271 | Test loss: 0.0366
Epoch 118 | Train loss: 0.0271 | Test loss: 0.0366
Epoch 119 | Train loss: 0.0265 | Test loss: 0.0363
Epoch 120 | Train loss: 0.0266 | Test loss: 0.0373
Epoch 121 | Train loss: 0.0266 | Test loss: 0.0363
Epoch 122 | Train loss: 0.0265 | Test loss: 0.0365
Epoch 123 | Train loss: 0.0266 | Test loss: 0.0362
Epoch 124 | Train loss: 0.0267 | Test loss: 0.0368
Epoch 125 | Train loss: 0.0262 | Test loss: 0.0356
Epoch 126 | Train loss: 0.0258 | Test loss: 0.0349
Epoch 127 | Train loss: 0.0257 | Test loss: 0.0360
Epoch 128 | Train loss: 0.0260 | Test loss: 0.0355
Epoch 129 | Train loss: 0.0258 | Test loss: 0.0351
Epoch 130 | Train loss: 0.0255 | Test loss: 0.0350
Epoch 131 | Train loss: 0.0256 | Test loss: 0.0347
Epoch 132 | Train loss: 0.0254 | Test loss: 0.0348
Epoch 133 | Train loss: 0.0255 | Test loss: 0.0347
Epoch 134 | Train loss: 0.0257 | Test loss: 0.0374
Epoch 135 | Train loss: 0.0255 | Test loss: 0.0359
Epoch 136 | Train loss: 0.0252 | Test loss: 0.0345
Epoch 137 | Train loss: 0.0267 | Test loss: 0.0361
Epoch 138 | Train loss: 0.0259 | Test loss: 0.0353
Epoch 139 | Train loss: 0.0249 | Test loss: 0.0348
Epoch 140 | Train loss: 0.0251 | Test loss: 0.0345
Epoch 141 | Train loss: 0.0248 | Test loss: 0.0342
Epoch 142 | Train loss: 0.0247 | Test loss: 0.0347
Epoch 143 | Train loss: 0.0245 | Test loss: 0.0347
Epoch 144 | Train loss: 0.0251 | Test loss: 0.0353
Epoch 145 | Train loss: 0.0247 | Test loss: 0.0344
Epoch 146 | Train loss: 0.0245 | Test loss: 0.0354
Epoch 147 | Train loss: 0.0255 | Test loss: 0.0344
Epoch 148 | Train loss: 0.0255 | Test loss: 0.0344
Epoch 149 | Train loss: 0.0243 | Test loss: 0.0344
Epoch 150 | Train loss: 0.0244 | Test loss: 0.0336
Epoch 151 | Train loss: 0.0240 | Test loss: 0.0340
Epoch 152 | Train loss: 0.0239 | Test loss: 0.0344
Epoch 153 | Train loss: 0.0237 | Test loss: 0.0335
Epoch 154 | Train loss: 0.0236 | Test loss: 0.0329
Epoch 155 | Train loss: 0.0234 | Test loss: 0.0334
Epoch 156 | Train loss: 0.0232 | Test loss: 0.0330
Epoch 157 | Train loss: 0.0232 | Test loss: 0.0328
Epoch 158 | Train loss: 0.0232 | Test loss: 0.0333
Epoch 159 | Train loss: 0.0235 | Test loss: 0.0337
Epoch 160 | Train loss: 0.0236 | Test loss: 0.0337
Epoch 161 | Train loss: 0.0231 | Test loss: 0.0327
Epoch 162 | Train loss: 0.0229 | Test loss: 0.0331
Epoch 163 | Train loss: 0.0231 | Test loss: 0.0327
Epoch 164 | Train loss: 0.0229 | Test loss: 0.0334
Epoch 165 | Train loss: 0.0231 | Test loss: 0.0331
Epoch 166 | Train loss: 0.0229 | Test loss: 0.0333
Epoch 167 | Train loss: 0.0226 | Test loss: 0.0328
Epoch 168 | Train loss: 0.0225 | Test loss: 0.0322
Epoch 169 | Train loss: 0.0227 | Test loss: 0.0329
Epoch 170 | Train loss: 0.0226 | Test loss: 0.0329
Epoch 171 | Train loss: 0.0223 | Test loss: 0.0324
Epoch 172 | Train loss: 0.0221 | Test loss: 0.0330
Epoch 173 | Train loss: 0.0224 | Test loss: 0.0323
Epoch 174 | Train loss: 0.0227 | Test loss: 0.0329
Epoch 175 | Train loss: 0.0230 | Test loss: 0.0329
Epoch 176 | Train loss: 0.0225 | Test loss: 0.0333
Epoch 177 | Train loss: 0.0230 | Test loss: 0.0328
Epoch 178 | Train loss: 0.0225 | Test loss: 0.0326
Epoch 179 | Train loss: 0.0223 | Test loss: 0.0332
Epoch 180 | Train loss: 0.0220 | Test loss: 0.0324
Epoch 181 | Train loss: 0.0219 | Test loss: 0.0333
Epoch 182 | Train loss: 0.0221 | Test loss: 0.0323
Epoch 183 | Train loss: 0.0218 | Test loss: 0.0322
Epoch 184 | Train loss: 0.0218 | Test loss: 0.0323
Epoch 185 | Train loss: 0.0252 | Test loss: 0.0325
Epoch 186 | Train loss: 0.0217 | Test loss: 0.0314
Epoch 187 | Train loss: 0.0215 | Test loss: 0.0319
Epoch 188 | Train loss: 0.0213 | Test loss: 0.0315
Epoch 189 | Train loss: 0.0217 | Test loss: 0.0324
Epoch 190 | Train loss: 0.0215 | Test loss: 0.0311
Epoch 191 | Train loss: 0.0213 | Test loss: 0.0319
Epoch 192 | Train loss: 0.0213 | Test loss: 0.0315
Epoch 193 | Train loss: 0.0211 | Test loss: 0.0319
Epoch 194 | Train loss: 0.0210 | Test loss: 0.0321
Epoch 195 | Train loss: 0.0211 | Test loss: 0.0317
Epoch 196 | Train loss: 0.0209 | Test loss: 0.0315
Epoch 197 | Train loss: 0.0210 | Test loss: 0.0315
Epoch 198 | Train loss: 0.0209 | Test loss: 0.0319
Epoch 199 | Train loss: 0.0209 | Test loss: 0.0311
Epoch 200 | Train loss: 0.0211 | Test loss: 0.0314
Epoch 201 | Train loss: 0.0208 | Test loss: 0.0321
Epoch 202 | Train loss: 0.0209 | Test loss: 0.0318
Epoch 203 | Train loss: 0.0211 | Test loss: 0.0314
Epoch 204 | Train loss: 0.0214 | Test loss: 0.0312
Epoch 205 | Train loss: 0.0207 | Test loss: 0.0311
Epoch 206 | Train loss: 0.0203 | Test loss: 0.0310
Epoch 207 | Train loss: 0.0204 | Test loss: 0.0319
Epoch 208 | Train loss: 0.0210 | Test loss: 0.0312
Epoch 209 | Train loss: 0.0212 | Test loss: 0.0326
Epoch 210 | Train loss: 0.0208 | Test loss: 0.0313
Epoch 211 | Train loss: 0.0204 | Test loss: 0.0314
Epoch 212 | Train loss: 0.0203 | Test loss: 0.0313
Epoch 213 | Train loss: 0.0205 | Test loss: 0.0312
Epoch 214 | Train loss: 0.0204 | Test loss: 0.0312
Epoch 215 | Train loss: 0.0203 | Test loss: 0.0312
Epoch 216 | Train loss: 0.0202 | Test loss: 0.0312
Epoch 217 | Train loss: 0.0205 | Test loss: 0.0318
Epoch 218 | Train loss: 0.0206 | Test loss: 0.0318
Epoch 219 | Train loss: 0.0207 | Test loss: 0.0319
Epoch 220 | Train loss: 0.0201 | Test loss: 0.0310
Epoch 221 | Train loss: 0.0198 | Test loss: 0.0314
Epoch 222 | Train loss: 0.0201 | Test loss: 0.0308
Epoch 223 | Train loss: 0.0201 | Test loss: 0.0322
Epoch 224 | Train loss: 0.0204 | Test loss: 0.0324
Epoch 225 | Train loss: 0.0202 | Test loss: 0.0314
Epoch 226 | Train loss: 0.0200 | Test loss: 0.0322
Epoch 227 | Train loss: 0.0198 | Test loss: 0.0308
Epoch 228 | Train loss: 0.0199 | Test loss: 0.0317
Epoch 229 | Train loss: 0.0199 | Test loss: 0.0314
Epoch 230 | Train loss: 0.0199 | Test loss: 0.0313
Epoch 231 | Train loss: 0.0195 | Test loss: 0.0310
Epoch 232 | Train loss: 0.0196 | Test loss: 0.0309
Epoch 233 | Train loss: 0.0198 | Test loss: 0.0313
Epoch 234 | Train loss: 0.0195 | Test loss: 0.0312
Epoch 235 | Train loss: 0.0195 | Test loss: 0.0313
Epoch 236 | Train loss: 0.0195 | Test loss: 0.0317
Epoch 237 | Train loss: 0.0197 | Test loss: 0.0308
Epoch 238 | Train loss: 0.0197 | Test loss: 0.0314
Epoch 239 | Train loss: 0.0201 | Test loss: 0.0327
Epoch 240 | Train loss: 0.0194 | Test loss: 0.0315
Epoch 241 | Train loss: 0.0197 | Test loss: 0.0307
Epoch 242 | Train loss: 0.0194 | Test loss: 0.0312
Epoch 243 | Train loss: 0.0196 | Test loss: 0.0311
Epoch 244 | Train loss: 0.0198 | Test loss: 0.0310
Epoch 245 | Train loss: 0.0194 | Test loss: 0.0309
Epoch 246 | Train loss: 0.0192 | Test loss: 0.0307
Epoch 247 | Train loss: 0.0190 | Test loss: 0.0309
Epoch 248 | Train loss: 0.0191 | Test loss: 0.0311
Epoch 249 | Train loss: 0.0188 | Test loss: 0.0312
Epoch 250 | Train loss: 0.0189 | Test loss: 0.0307
Epoch 251 | Train loss: 0.0190 | Test loss: 0.0319
Epoch 252 | Train loss: 0.0191 | Test loss: 0.0314
Epoch 253 | Train loss: 0.0192 | Test loss: 0.0316
Epoch 254 | Train loss: 0.0188 | Test loss: 0.0306
Epoch 255 | Train loss: 0.0186 | Test loss: 0.0311
Epoch 256 | Train loss: 0.0186 | Test loss: 0.0308
Epoch 257 | Train loss: 0.0185 | Test loss: 0.0303
Epoch 258 | Train loss: 0.0187 | Test loss: 0.0311
Epoch 259 | Train loss: 0.0186 | Test loss: 0.0309
Epoch 260 | Train loss: 0.0184 | Test loss: 0.0309
Epoch 261 | Train loss: 0.0185 | Test loss: 0.0309
Epoch 262 | Train loss: 0.0185 | Test loss: 0.0310
Epoch 263 | Train loss: 0.0184 | Test loss: 0.0307
Epoch 264 | Train loss: 0.0184 | Test loss: 0.0308
Epoch 265 | Train loss: 0.0181 | Test loss: 0.0302
Epoch 266 | Train loss: 0.0181 | Test loss: 0.0310
Epoch 267 | Train loss: 0.0182 | Test loss: 0.0305
Epoch 268 | Train loss: 0.0181 | Test loss: 0.0308
Epoch 269 | Train loss: 0.0182 | Test loss: 0.0309
Epoch 270 | Train loss: 0.0182 | Test loss: 0.0304
Epoch 271 | Train loss: 0.0180 | Test loss: 0.0309
Epoch 272 | Train loss: 0.0180 | Test loss: 0.0323
Epoch 273 | Train loss: 0.0181 | Test loss: 0.0317
Epoch 274 | Train loss: 0.0183 | Test loss: 0.0306
Epoch 275 | Train loss: 0.0180 | Test loss: 0.0306
Epoch 276 | Train loss: 0.0180 | Test loss: 0.0302
Epoch 277 | Train loss: 0.0183 | Test loss: 0.0304
Epoch 278 | Train loss: 0.0179 | Test loss: 0.0311
Epoch 279 | Train loss: 0.0191 | Test loss: 0.0305
Epoch 280 | Train loss: 0.0186 | Test loss: 0.0309
Epoch 281 | Train loss: 0.0181 | Test loss: 0.0298
Epoch 282 | Train loss: 0.0183 | Test loss: 0.0310
Epoch 283 | Train loss: 0.0185 | Test loss: 0.0306
Epoch 284 | Train loss: 0.0181 | Test loss: 0.0309
Epoch 285 | Train loss: 0.0181 | Test loss: 0.0309
Epoch 286 | Train loss: 0.0179 | Test loss: 0.0309
Epoch 287 | Train loss: 0.0180 | Test loss: 0.0306
Epoch 288 | Train loss: 0.0178 | Test loss: 0.0306
Epoch 289 | Train loss: 0.0177 | Test loss: 0.0310
Epoch 290 | Train loss: 0.0177 | Test loss: 0.0307
Epoch 291 | Train loss: 0.0178 | Test loss: 0.0309
Epoch 292 | Train loss: 0.0176 | Test loss: 0.0310
Epoch 293 | Train loss: 0.0179 | Test loss: 0.0311
Epoch 294 | Train loss: 0.0175 | Test loss: 0.0305
Epoch 295 | Train loss: 0.0178 | Test loss: 0.0304
Epoch 296 | Train loss: 0.0171 | Test loss: 0.0303
Epoch 297 | Train loss: 0.0175 | Test loss: 0.0311
Epoch 298 | Train loss: 0.0178 | Test loss: 0.0310
Epoch 299 | Train loss: 0.0177 | Test loss: 0.0309
Epoch 300 | Train loss: 0.0176 | Test loss: 0.0303
Epoch 301 | Train loss: 0.0176 | Test loss: 0.0306
Epoch 302 | Train loss: 0.0174 | Test loss: 0.0304
Epoch 303 | Train loss: 0.0177 | Test loss: 0.0300
Epoch 304 | Train loss: 0.0175 | Test loss: 0.0308
Epoch 305 | Train loss: 0.0175 | Test loss: 0.0306
Epoch 306 | Train loss: 0.0173 | Test loss: 0.0305
Epoch 307 | Train loss: 0.0171 | Test loss: 0.0302
Epoch 308 | Train loss: 0.0168 | Test loss: 0.0302
Epoch 309 | Train loss: 0.0168 | Test loss: 0.0303
Epoch 310 | Train loss: 0.0171 | Test loss: 0.0308
Epoch 311 | Train loss: 0.0172 | Test loss: 0.0302
Epoch 312 | Train loss: 0.0172 | Test loss: 0.0302
Epoch 313 | Train loss: 0.0172 | Test loss: 0.0301
Epoch 314 | Train loss: 0.0170 | Test loss: 0.0302
Epoch 315 | Train loss: 0.0178 | Test loss: 0.0298
Epoch 316 | Train loss: 0.0167 | Test loss: 0.0300
Epoch 317 | Train loss: 0.0167 | Test loss: 0.0305
Epoch 318 | Train loss: 0.0170 | Test loss: 0.0312
Epoch 319 | Train loss: 0.0168 | Test loss: 0.0298
Epoch 320 | Train loss: 0.0166 | Test loss: 0.0304
Epoch 321 | Train loss: 0.0167 | Test loss: 0.0304
Epoch 322 | Train loss: 0.0167 | Test loss: 0.0301
Epoch 323 | Train loss: 0.0166 | Test loss: 0.0305
Epoch 324 | Train loss: 0.0166 | Test loss: 0.0304
Epoch 325 | Train loss: 0.0167 | Test loss: 0.0295
Epoch 326 | Train loss: 0.0166 | Test loss: 0.0299
Epoch 327 | Train loss: 0.0164 | Test loss: 0.0300
Epoch 328 | Train loss: 0.0164 | Test loss: 0.0301
Epoch 329 | Train loss: 0.0163 | Test loss: 0.0297
Epoch 330 | Train loss: 0.0164 | Test loss: 0.0317
torch.Size([10, 2025, 3])
Number of parameters: 3,759,692
Number of trainable parameters: 3,759,692
Loss: 0.016